Mon Aug 25 14:17:00 IST 2025
Mon Aug 25 14:18:00 IST 2025
Mon Aug 25 14:19:01 IST 2025
Mon Aug 25 14:20:00 IST 2025
Mon Aug 25 14:21:00 IST 2025
Mon Aug 25 14:22:00 IST 2025
Mon Aug 25 14:23:01 IST 2025
Mon Aug 25 14:24:00 IST 2025
Mon Aug 25 14:25:00 IST 2025
Mon Aug 25 14:26:00 IST 2025
Mon Aug 25 14:27:00 IST 2025
Mon Aug 25 14:28:01 IST 2025
Mon Aug 25 14:29:00 IST 2025
Mon Aug 25 14:30:00 IST 2025
Mon Aug 25 14:31:00 IST 2025
Mon Aug 25 14:32:00 IST 2025
Mon Aug 25 14:33:00 IST 2025
Mon Aug 25 14:34:00 IST 2025
Mon Aug 25 14:35:00 IST 2025
Mon Aug 25 14:36:00 IST 2025
Mon Aug 25 14:37:00 IST 2025
Mon Aug 25 14:38:00 IST 2025
Mon Aug 25 14:39:00 IST 2025
Mon Aug 25 14:40:00 IST 2025
Mon Aug 25 14:41:00 IST 2025
Mon Aug 25 14:42:00 IST 2025
Mon Aug 25 14:43:00 IST 2025
Mon Aug 25 14:44:00 IST 2025
Mon Aug 25 14:45:00 IST 2025
Mon Aug 25 14:46:00 IST 2025
Mon Aug 25 14:47:00 IST 2025
Mon Aug 25 14:48:00 IST 2025
Mon Aug 25 14:49:00 IST 2025
Mon Aug 25 14:50:01 IST 2025
Mon Aug 25 14:55:00 IST 2025
Mon Aug 25 15:00:00 IST 2025
<<<<<<< HEAD
Tue Aug 26 04:40:01 IST 2025
=======
Mon Aug 25 15:05:00 IST 2025
Mon Aug 25 15:10:00 IST 2025
Mon Aug 25 15:15:00 IST 2025
Mon Aug 25 15:20:00 IST 2025
Mon Aug 25 15:25:00 IST 2025
Mon Aug 25 15:30:00 IST 2025
Mon Aug 25 15:35:00 IST 2025
Mon Aug 25 15:40:00 IST 2025
Mon Aug 25 15:45:00 IST 2025
Mon Aug 25 15:50:00 IST 2025
Mon Aug 25 15:55:00 IST 2025
Mon Aug 25 16:00:10 IST 2025
Mon Aug 25 16:05:00 IST 2025
Mon Aug 25 16:10:00 IST 2025
Mon Aug 25 16:15:00 IST 2025
Mon Aug 25 16:20:00 IST 2025
Mon Aug 25 16:25:00 IST 2025
Mon Aug 25 17:15:00 IST 2025
Mon Aug 25 17:20:00 IST 2025
Mon Aug 25 17:25:00 IST 2025
Mon Aug 25 17:30:00 IST 2025
Mon Aug 25 17:35:00 IST 2025
Mon Aug 25 17:40:00 IST 2025
Mon Aug 25 17:45:00 IST 2025
Mon Aug 25 17:50:00 IST 2025
Mon Aug 25 17:55:00 IST 2025
Mon Aug 25 18:00:00 IST 2025
Mon Aug 25 18:05:00 IST 2025
Mon Aug 25 18:10:01 IST 2025
Mon Aug 25 18:15:00 IST 2025
Mon Aug 25 18:45:00 IST 2025
Mon Aug 25 18:50:00 IST 2025
Mon Aug 25 18:55:00 IST 2025
Mon Aug 25 19:00:00 IST 2025
Mon Aug 25 19:05:00 IST 2025
Mon Aug 25 19:10:00 IST 2025
Mon Aug 25 19:15:01 IST 2025
Mon Aug 25 19:20:00 IST 2025
Mon Aug 25 19:25:00 IST 2025
Mon Aug 25 19:30:00 IST 2025
Mon Aug 25 19:35:00 IST 2025
Mon Aug 25 19:40:00 IST 2025
Mon Aug 25 19:45:00 IST 2025
Mon Aug 25 19:50:00 IST 2025
Mon Aug 25 19:57:13 IST 2025
Mon Aug 25 20:00:00 IST 2025
Mon Aug 25 20:05:01 IST 2025
Mon Aug 25 20:10:00 IST 2025
Mon Aug 25 20:15:08 IST 2025
Mon Aug 25 20:20:00 IST 2025
Mon Aug 25 20:25:00 IST 2025
Mon Aug 25 20:30:00 IST 2025
Mon Aug 25 20:35:00 IST 2025
Mon Aug 25 20:40:00 IST 2025
Mon Aug 25 20:45:00 IST 2025
Mon Aug 25 20:50:00 IST 2025
Mon Aug 25 20:55:00 IST 2025
Mon Aug 25 21:00:00 IST 2025
Mon Aug 25 21:05:00 IST 2025
Mon Aug 25 21:10:00 IST 2025
Mon Aug 25 21:15:00 IST 2025
Mon Aug 25 21:20:00 IST 2025
Mon Aug 25 21:25:00 IST 2025
Mon Aug 25 21:30:00 IST 2025
Mon Aug 25 21:35:00 IST 2025
Mon Aug 25 21:40:01 IST 2025
Mon Aug 25 21:45:00 IST 2025
Mon Aug 25 21:50:00 IST 2025
Mon Aug 25 21:55:00 IST 2025
Mon Aug 25 22:00:00 IST 2025
Mon Aug 25 22:05:00 IST 2025
Mon Aug 25 22:10:01 IST 2025
Mon Aug 25 22:15:01 IST 2025
Mon Aug 25 22:20:00 IST 2025
Mon Aug 25 22:25:00 IST 2025
Mon Aug 25 22:30:00 IST 2025
Mon Aug 25 22:35:00 IST 2025
Mon Aug 25 22:40:00 IST 2025
Mon Aug 25 22:45:00 IST 2025
Mon Aug 25 22:50:00 IST 2025
Mon Aug 25 22:55:00 IST 2025
Mon Aug 25 23:15:00 IST 2025
Mon Aug 25 23:20:00 IST 2025
Mon Aug 25 23:25:00 IST 2025
Mon Aug 25 23:30:00 IST 2025
Mon Aug 25 23:35:00 IST 2025
Mon Aug 25 23:40:00 IST 2025
Mon Aug 25 23:45:00 IST 2025
Mon Aug 25 23:50:01 IST 2025
Mon Aug 25 23:55:00 IST 2025
Tue Aug 26 00:00:00 IST 2025
Tue Aug 26 00:05:00 IST 2025
Tue Aug 26 00:10:00 IST 2025
Tue Aug 26 00:15:00 IST 2025
Tue Aug 26 00:20:00 IST 2025
Tue Aug 26 00:25:00 IST 2025
Tue Aug 26 00:30:01 IST 2025
Tue Aug 26 00:35:00 IST 2025
Tue Aug 26 00:40:00 IST 2025
Tue Aug 26 00:45:00 IST 2025
Tue Aug 26 00:50:00 IST 2025
Tue Aug 26 00:55:00 IST 2025
Tue Aug 26 01:00:00 IST 2025
Tue Aug 26 01:05:00 IST 2025
Tue Aug 26 01:10:00 IST 2025
Tue Aug 26 01:15:00 IST 2025
Tue Aug 26 01:20:00 IST 2025
Tue Aug 26 01:25:00 IST 2025
Tue Aug 26 01:30:00 IST 2025
Tue Aug 26 01:35:00 IST 2025
Tue Aug 26 01:40:00 IST 2025
Tue Aug 26 01:45:00 IST 2025
Tue Aug 26 01:50:00 IST 2025
Tue Aug 26 01:55:00 IST 2025
Tue Aug 26 02:00:01 IST 2025
Tue Aug 26 02:05:00 IST 2025
Tue Aug 26 02:10:00 IST 2025
Tue Aug 26 02:15:00 IST 2025
Tue Aug 26 02:20:00 IST 2025
Tue Aug 26 02:25:01 IST 2025
Tue Aug 26 02:30:00 IST 2025
Tue Aug 26 02:35:00 IST 2025
Tue Aug 26 02:40:00 IST 2025
Tue Aug 26 02:45:00 IST 2025
Tue Aug 26 02:50:00 IST 2025
Tue Aug 26 02:55:00 IST 2025
Tue Aug 26 03:00:00 IST 2025
Tue Aug 26 03:05:00 IST 2025
Tue Aug 26 03:10:00 IST 2025
Tue Aug 26 03:15:00 IST 2025
Tue Aug 26 03:20:00 IST 2025
Tue Aug 26 03:25:00 IST 2025
Tue Aug 26 03:30:00 IST 2025
Tue Aug 26 03:35:00 IST 2025
Tue Aug 26 03:40:00 IST 2025
Tue Aug 26 03:45:01 IST 2025
Tue Aug 26 03:50:00 IST 2025
Tue Aug 26 03:55:00 IST 2025
Tue Aug 26 04:00:00 IST 2025
Tue Aug 26 04:05:00 IST 2025
Tue Aug 26 04:10:00 IST 2025
Tue Aug 26 04:15:00 IST 2025
Tue Aug 26 04:20:00 IST 2025
Tue Aug 26 04:25:01 IST 2025
Tue Aug 26 04:30:00 IST 2025
Tue Aug 26 04:35:00 IST 2025
>>>>>>> portfolio-layout
Tue Aug 26 04:45:00 IST 2025
Tue Aug 26 04:50:01 IST 2025
Tue Aug 26 04:55:00 IST 2025
Tue Aug 26 05:00:00 IST 2025
Tue Aug 26 05:05:00 IST 2025
Tue Aug 26 05:10:00 IST 2025
Tue Aug 26 05:15:01 IST 2025
Tue Aug 26 05:20:00 IST 2025
Tue Aug 26 05:25:00 IST 2025
Tue Aug 26 05:50:00 IST 2025
Tue Aug 26 06:25:00 IST 2025
Tue Aug 26 06:30:00 IST 2025
Tue Aug 26 06:35:00 IST 2025
Tue Aug 26 06:40:00 IST 2025
Tue Aug 26 06:45:00 IST 2025
Tue Aug 26 06:50:00 IST 2025
Tue Aug 26 06:55:00 IST 2025
Tue Aug 26 07:00:00 IST 2025
Tue Aug 26 07:05:00 IST 2025
Tue Aug 26 07:10:00 IST 2025
Tue Aug 26 07:15:01 IST 2025
Tue Aug 26 07:20:00 IST 2025
Tue Aug 26 07:30:24 IST 2025
Tue Aug 26 07:55:00 IST 2025
Tue Aug 26 08:00:00 IST 2025
Tue Aug 26 08:05:00 IST 2025
Tue Aug 26 08:10:00 IST 2025
Tue Aug 26 08:15:00 IST 2025
Tue Aug 26 08:20:00 IST 2025
Tue Aug 26 08:25:00 IST 2025
Tue Aug 26 08:30:01 IST 2025
Tue Aug 26 08:35:00 IST 2025
Tue Aug 26 08:40:01 IST 2025
Tue Aug 26 08:45:00 IST 2025
Tue Aug 26 08:50:01 IST 2025
Tue Aug 26 09:10:00 IST 2025
Tue Aug 26 09:15:00 IST 2025
Tue Aug 26 09:20:00 IST 2025
Tue Aug 26 09:25:00 IST 2025
Tue Aug 26 09:30:00 IST 2025
Tue Aug 26 09:35:01 IST 2025
Tue Aug 26 09:40:00 IST 2025
Tue Aug 26 09:45:00 IST 2025
Tue Aug 26 09:50:00 IST 2025
Tue Aug 26 09:55:00 IST 2025
Tue Aug 26 10:00:01 IST 2025
Tue Aug 26 10:05:01 IST 2025
Tue Aug 26 10:10:03 IST 2025
Tue Aug 26 10:30:17 IST 2025
Tue Aug 26 10:35:00 IST 2025
Tue Aug 26 10:40:01 IST 2025
Tue Aug 26 10:45:01 IST 2025
Tue Aug 26 10:50:01 IST 2025
Tue Aug 26 10:55:00 IST 2025
Tue Aug 26 11:00:00 IST 2025
Tue Aug 26 11:05:00 IST 2025
Tue Aug 26 11:10:00 IST 2025
Tue Aug 26 11:15:00 IST 2025
Tue Aug 26 11:20:00 IST 2025
Tue Aug 26 11:25:00 IST 2025
Tue Aug 26 11:30:00 IST 2025
Tue Aug 26 11:37:21 IST 2025
Tue Aug 26 12:01:47 IST 2025
Tue Aug 26 12:05:27 IST 2025
Tue Aug 26 12:15:16 IST 2025
Tue Aug 26 12:20:00 IST 2025
Tue Aug 26 12:25:00 IST 2025
Tue Aug 26 12:30:00 IST 2025
Tue Aug 26 12:35:00 IST 2025
Tue Aug 26 12:40:01 IST 2025
Tue Aug 26 12:45:00 IST 2025
Tue Aug 26 12:50:00 IST 2025
Tue Aug 26 12:55:00 IST 2025
Tue Aug 26 13:00:01 IST 2025
Tue Aug 26 13:05:00 IST 2025
Tue Aug 26 13:10:00 IST 2025
Tue Aug 26 13:15:00 IST 2025
Tue Aug 26 13:20:00 IST 2025
Tue Aug 26 13:25:00 IST 2025
Tue Aug 26 13:30:00 IST 2025
Tue Aug 26 13:35:00 IST 2025
Tue Aug 26 13:40:00 IST 2025
Tue Aug 26 13:45:00 IST 2025
Tue Aug 26 13:50:00 IST 2025
Tue Aug 26 13:55:00 IST 2025
Tue Aug 26 14:00:00 IST 2025
Tue Aug 26 14:05:00 IST 2025
Tue Aug 26 14:10:00 IST 2025
Tue Aug 26 14:15:00 IST 2025
Tue Aug 26 14:20:00 IST 2025
Tue Aug 26 14:25:00 IST 2025
Tue Aug 26 14:30:00 IST 2025
Tue Aug 26 14:35:01 IST 2025
Tue Aug 26 14:40:00 IST 2025
Tue Aug 26 14:45:00 IST 2025
Tue Aug 26 14:50:00 IST 2025
Tue Aug 26 14:55:00 IST 2025
Tue Aug 26 15:00:00 IST 2025
Tue Aug 26 15:05:00 IST 2025
Tue Aug 26 15:10:00 IST 2025
Tue Aug 26 15:15:00 IST 2025
Tue Aug 26 15:20:00 IST 2025
Tue Aug 26 15:25:00 IST 2025
Tue Aug 26 15:30:00 IST 2025
Tue Aug 26 15:35:00 IST 2025
Tue Aug 26 15:40:00 IST 2025
Tue Aug 26 15:45:00 IST 2025
Tue Aug 26 15:50:00 IST 2025
Tue Aug 26 15:55:00 IST 2025
Tue Aug 26 16:00:00 IST 2025
Tue Aug 26 16:05:00 IST 2025
Tue Aug 26 16:10:00 IST 2025
Tue Aug 26 16:15:00 IST 2025
Tue Aug 26 16:20:01 IST 2025
Tue Aug 26 16:25:00 IST 2025
Tue Aug 26 16:30:01 IST 2025
Tue Aug 26 16:35:01 IST 2025
Tue Aug 26 16:40:00 IST 2025
Tue Aug 26 16:45:00 IST 2025
Tue Aug 26 16:50:00 IST 2025
Tue Aug 26 16:55:00 IST 2025
Tue Aug 26 17:00:00 IST 2025
Tue Aug 26 17:05:00 IST 2025
Tue Aug 26 17:10:00 IST 2025
Tue Aug 26 17:15:00 IST 2025
Tue Aug 26 17:20:00 IST 2025
Tue Aug 26 17:25:00 IST 2025
Tue Aug 26 17:30:00 IST 2025
Tue Aug 26 17:35:00 IST 2025
Tue Aug 26 17:40:00 IST 2025
Tue Aug 26 17:45:00 IST 2025
Tue Aug 26 17:50:01 IST 2025
Tue Aug 26 17:55:00 IST 2025
Tue Aug 26 18:00:00 IST 2025
Tue Aug 26 18:05:00 IST 2025
Tue Aug 26 18:10:00 IST 2025
Tue Aug 26 18:15:00 IST 2025
Tue Aug 26 18:20:00 IST 2025
Tue Aug 26 18:25:00 IST 2025
Tue Aug 26 18:30:00 IST 2025
Tue Aug 26 18:35:00 IST 2025
Tue Aug 26 18:40:00 IST 2025
Tue Aug 26 18:45:00 IST 2025
Tue Aug 26 18:50:00 IST 2025
Tue Aug 26 18:55:01 IST 2025
Tue Aug 26 19:00:00 IST 2025
Tue Aug 26 19:05:01 IST 2025
Tue Aug 26 19:10:01 IST 2025
Tue Aug 26 19:15:01 IST 2025
Tue Aug 26 19:20:00 IST 2025
Tue Aug 26 19:25:01 IST 2025
Tue Aug 26 19:30:00 IST 2025
Tue Aug 26 19:35:00 IST 2025
Tue Aug 26 19:40:00 IST 2025
Tue Aug 26 19:45:00 IST 2025
Tue Aug 26 19:50:00 IST 2025
Tue Aug 26 19:55:00 IST 2025
Tue Aug 26 20:00:00 IST 2025
Tue Aug 26 20:05:00 IST 2025
Tue Aug 26 20:10:00 IST 2025
Tue Aug 26 20:15:00 IST 2025
Tue Aug 26 20:20:00 IST 2025
Tue Aug 26 20:25:00 IST 2025
Tue Aug 26 20:30:00 IST 2025
Tue Aug 26 20:35:00 IST 2025
Tue Aug 26 20:40:01 IST 2025
Tue Aug 26 20:45:00 IST 2025
Tue Aug 26 20:50:00 IST 2025
Tue Aug 26 20:55:01 IST 2025
Tue Aug 26 21:00:00 IST 2025
Tue Aug 26 21:05:00 IST 2025
Tue Aug 26 21:10:00 IST 2025
Tue Aug 26 21:15:00 IST 2025
Tue Aug 26 21:20:00 IST 2025
Tue Aug 26 21:25:00 IST 2025
Tue Aug 26 21:30:00 IST 2025
Tue Aug 26 21:35:00 IST 2025
Tue Aug 26 21:40:00 IST 2025
Tue Aug 26 21:45:00 IST 2025
Tue Aug 26 21:50:00 IST 2025
Tue Aug 26 21:55:01 IST 2025
Tue Aug 26 22:00:00 IST 2025
Tue Aug 26 22:05:01 IST 2025
Tue Aug 26 22:10:00 IST 2025
Tue Aug 26 22:15:00 IST 2025
Tue Aug 26 22:20:00 IST 2025
Tue Aug 26 22:25:00 IST 2025
Tue Aug 26 22:30:00 IST 2025
Tue Aug 26 22:35:00 IST 2025
Tue Aug 26 22:40:00 IST 2025
Tue Aug 26 22:45:00 IST 2025
Tue Aug 26 22:50:00 IST 2025
Tue Aug 26 22:55:00 IST 2025
Tue Aug 26 23:00:00 IST 2025
Tue Aug 26 23:05:00 IST 2025
Tue Aug 26 23:10:00 IST 2025
Tue Aug 26 23:15:01 IST 2025
Tue Aug 26 23:20:00 IST 2025
Tue Aug 26 23:25:00 IST 2025
Tue Aug 26 23:30:00 IST 2025
Tue Aug 26 23:35:00 IST 2025
Tue Aug 26 23:40:00 IST 2025
Tue Aug 26 23:45:00 IST 2025
Tue Aug 26 23:50:00 IST 2025
Tue Aug 26 23:55:00 IST 2025
Wed Aug 27 00:00:00 IST 2025
Wed Aug 27 00:05:00 IST 2025
Wed Aug 27 00:10:00 IST 2025
Wed Aug 27 00:15:00 IST 2025
Wed Aug 27 00:20:00 IST 2025
Wed Aug 27 00:25:01 IST 2025
Wed Aug 27 00:30:00 IST 2025
Wed Aug 27 00:35:00 IST 2025
Wed Aug 27 00:40:00 IST 2025
Wed Aug 27 00:45:00 IST 2025
Wed Aug 27 00:50:01 IST 2025
Wed Aug 27 00:55:00 IST 2025
Wed Aug 27 01:00:00 IST 2025
Wed Aug 27 01:05:00 IST 2025
Wed Aug 27 01:10:00 IST 2025
Wed Aug 27 01:15:00 IST 2025
Wed Aug 27 01:20:00 IST 2025
Wed Aug 27 01:25:00 IST 2025
Wed Aug 27 01:30:00 IST 2025
Wed Aug 27 01:35:01 IST 2025
Wed Aug 27 01:40:00 IST 2025
Wed Aug 27 01:45:00 IST 2025
Wed Aug 27 01:50:01 IST 2025
Wed Aug 27 01:55:00 IST 2025
Wed Aug 27 02:00:00 IST 2025
Wed Aug 27 02:05:00 IST 2025
Wed Aug 27 02:10:00 IST 2025
Wed Aug 27 02:15:00 IST 2025
Wed Aug 27 02:20:00 IST 2025
Wed Aug 27 02:25:00 IST 2025
Wed Aug 27 02:30:00 IST 2025
Wed Aug 27 02:35:00 IST 2025
Wed Aug 27 02:40:00 IST 2025
Wed Aug 27 02:45:01 IST 2025
Wed Aug 27 02:50:00 IST 2025
Wed Aug 27 02:55:00 IST 2025
Wed Aug 27 03:00:00 IST 2025
Wed Aug 27 03:05:00 IST 2025
Wed Aug 27 03:10:01 IST 2025
Wed Aug 27 03:15:00 IST 2025
Wed Aug 27 03:20:00 IST 2025
Wed Aug 27 03:25:00 IST 2025
Wed Aug 27 03:30:00 IST 2025
Wed Aug 27 03:35:00 IST 2025
Wed Aug 27 03:40:00 IST 2025
Wed Aug 27 03:45:00 IST 2025
Wed Aug 27 03:50:00 IST 2025
Wed Aug 27 11:10:00 IST 2025
Wed Aug 27 11:15:00 IST 2025
Wed Aug 27 11:20:00 IST 2025
Wed Aug 27 11:25:00 IST 2025
Wed Aug 27 11:30:00 IST 2025
Wed Aug 27 11:35:00 IST 2025
Wed Aug 27 11:40:00 IST 2025
Wed Aug 27 11:45:00 IST 2025
Wed Aug 27 11:50:00 IST 2025
Wed Aug 27 11:55:00 IST 2025
Wed Aug 27 12:00:00 IST 2025
Wed Aug 27 12:05:00 IST 2025
Wed Aug 27 12:10:00 IST 2025
Wed Aug 27 12:15:01 IST 2025
Wed Aug 27 12:20:00 IST 2025
Wed Aug 27 12:25:00 IST 2025
Wed Aug 27 12:30:00 IST 2025
Wed Aug 27 12:35:00 IST 2025
